2024-08-25 01:33:20,451 - app - ERROR - Request finalizing failed with an error while handling an error
Traceback (most recent call last):
  File "/home/malladipradyumna/Desktop/Vurbalize/PoetryBackend/venv/lib/python3.10/site-packages/flask/app.py", line 1473, in wsgi_app
    response = self.full_dispatch_request()
  File "/home/malladipradyumna/Desktop/Vurbalize/PoetryBackend/venv/lib/python3.10/site-packages/flask/app.py", line 883, in full_dispatch_request
    return self.finalize_request(rv)
  File "/home/malladipradyumna/Desktop/Vurbalize/PoetryBackend/venv/lib/python3.10/site-packages/flask/app.py", line 904, in finalize_request
    response = self.process_response(response)
  File "/home/malladipradyumna/Desktop/Vurbalize/PoetryBackend/venv/lib/python3.10/site-packages/flask/app.py", line 1284, in process_response
    self.session_interface.save_session(self, ctx.session, response)
  File "/home/malladipradyumna/Desktop/Vurbalize/PoetryBackend/venv/lib/python3.10/site-packages/flask_session/base.py", line 311, in save_session
    value = self._sign(app, session.sid) if self.use_signer else session.sid
  File "/home/malladipradyumna/Desktop/Vurbalize/PoetryBackend/venv/lib/python3.10/site-packages/flask_session/base.py", line 214, in _sign
    signer = self._get_signer(app)
  File "/home/malladipradyumna/Desktop/Vurbalize/PoetryBackend/venv/lib/python3.10/site-packages/flask_session/base.py", line 202, in _get_signer
    raise KeyError("SECRET_KEY must be set when SESSION_USE_SIGNER=True")
KeyError: 'SECRET_KEY must be set when SESSION_USE_SIGNER=True'

During handling of the above exception, another exception occurred:

Traceback (most recent call last):
  File "/home/malladipradyumna/Desktop/Vurbalize/PoetryBackend/venv/lib/python3.10/site-packages/flask/app.py", line 904, in finalize_request
    response = self.process_response(response)
  File "/home/malladipradyumna/Desktop/Vurbalize/PoetryBackend/venv/lib/python3.10/site-packages/flask/app.py", line 1284, in process_response
    self.session_interface.save_session(self, ctx.session, response)
  File "/home/malladipradyumna/Desktop/Vurbalize/PoetryBackend/venv/lib/python3.10/site-packages/flask_session/base.py", line 311, in save_session
    value = self._sign(app, session.sid) if self.use_signer else session.sid
  File "/home/malladipradyumna/Desktop/Vurbalize/PoetryBackend/venv/lib/python3.10/site-packages/flask_session/base.py", line 214, in _sign
    signer = self._get_signer(app)
  File "/home/malladipradyumna/Desktop/Vurbalize/PoetryBackend/venv/lib/python3.10/site-packages/flask_session/base.py", line 202, in _get_signer
    raise KeyError("SECRET_KEY must be set when SESSION_USE_SIGNER=True")
KeyError: 'SECRET_KEY must be set when SESSION_USE_SIGNER=True'
2024-08-25 01:34:07,868 - app - INFO - PoetryBackend startup
2024-08-25 01:37:26,080 - app - INFO - PoetryBackend startup
2024-08-25 01:41:27,971 - app - INFO - PoetryBackend startup
2024-08-25 16:54:04,057 - app - INFO - PoetryBackend startup
2024-08-25 17:22:57,390 - app - INFO - PoetryBackend startup
2024-08-25 17:34:46,439 - app - INFO - PoetryBackend startup
2024-08-25 17:36:10,423 - app - INFO - PoetryBackend startup
2024-08-25 17:36:58,101 - app - INFO - PoetryBackend startup
2024-08-25 17:38:57,307 - app - INFO - PoetryBackend startup
2024-08-25 17:39:25,528 - app - INFO - PoetryBackend startup
2024-08-25 17:51:27,940 - app - INFO - PoetryBackend startup
2024-08-25 17:53:16,807 - app - INFO - PoetryBackend startup
2024-08-25 19:49:08,289 - app - INFO - PoetryBackend startup
2024-08-25 19:51:58,926 - app - INFO - PoetryBackend startup
2024-08-25 19:54:09,894 - app - INFO - PoetryBackend startup
2024-08-25 19:55:29,413 - app - INFO - PoetryBackend startup
2024-08-25 19:57:34,733 - app - INFO - PoetryBackend startup
2024-08-25 19:58:12,632 - app - INFO - PoetryBackend startup
2024-08-25 19:58:19,653 - app - INFO - PoetryBackend startup
2024-08-25 19:59:07,115 - app - INFO - PoetryBackend startup
2024-08-25 19:59:07,184 - app - INFO - PoetryBackend startup
2024-08-25 19:59:07,219 - app - INFO - PoetryBackend startup
2024-08-25 19:59:07,285 - app - INFO - PoetryBackend startup
2024-08-25 20:08:05,551 - app - INFO - PoetryBackend startup
2024-08-25 20:08:05,631 - app - INFO - PoetryBackend startup
2024-08-25 20:08:05,674 - app - INFO - PoetryBackend startup
2024-08-25 20:08:05,675 - app - INFO - PoetryBackend startup
2024-08-25 20:17:51,407 - app - INFO - PoetryBackend startup
2024-08-25 20:17:58,301 - app - INFO - PoetryBackend startup
2024-08-25 20:18:01,266 - app - INFO - PoetryBackend startup
2024-08-25 20:25:05,985 - app - INFO - PoetryBackend startup
2024-08-25 20:26:40,956 - app - INFO - PoetryBackend startup
2024-08-25 20:27:57,476 - app - INFO - PoetryBackend startup
2024-08-25 20:29:37,435 - app - INFO - PoetryBackend startup
2024-08-25 20:30:34,005 - app - INFO - PoetryBackend startup
2024-08-25 20:30:57,202 - app - INFO - PoetryBackend startup
2024-08-25 20:35:01,799 - app - INFO - PoetryBackend startup
2024-08-25 20:35:31,800 - app - INFO - PoetryBackend startup
2024-08-25 20:36:31,586 - app - INFO - PoetryBackend startup
2024-08-25 20:37:02,551 - app - INFO - PoetryBackend startup
2024-08-25 20:37:07,991 - app - INFO - PoetryBackend startup
2024-08-25 20:37:29,145 - app - INFO - PoetryBackend startup
2024-08-25 20:38:59,899 - app - INFO - PoetryBackend startup
2024-08-25 20:39:34,084 - app - INFO - PoetryBackend startup
2024-08-25 20:40:18,190 - app - INFO - PoetryBackend startup
2024-08-25 20:40:24,866 - app - INFO - PoetryBackend startup
2024-08-25 20:43:51,569 - app - INFO - PoetryBackend startup
2024-08-25 20:44:15,791 - app - INFO - PoetryBackend startup
2024-08-25 20:50:33,490 - app - INFO - PoetryBackend startup
2024-08-25 20:58:33,882 - app - INFO - PoetryBackend startup
